<?xml version="1.0" encoding="UTF-8"?>
<!-- Generated by org.testng.reporters.JUnitReportReporter -->
<testsuite skipped="0" hostname="AMD0-PPILLAI-02.local" name="test.PacktMaiMenuPageTest" tests="1" failures="0" timestamp="2021-10-30T20:04:18 IST" time="3.400" errors="0">
  <testcase name="sample" time="3.400" classname="test.PacktMaiMenuPageTest"/>
  <system-out/>
</testsuite> <!-- test.PacktMaiMenuPageTest -->
